<?xml version="1.0" encoding="UTF-8"?>
<!-- Generated by org.testng.reporters.JUnitReportReporter -->
<testsuite hostname="LAPTOP-JPV57VBD" failures="0" tests="1" name="testCases.Test_Login" time="2.489" errors="0" timestamp="2023-02-14T23:00:41 IST" skipped="0">
  <testcase classname="testCases.Test_Login" name="login" time="2.489"/>
  <system-out/>
</testsuite> <!-- testCases.Test_Login -->
