<?xml version="1.0" encoding="UTF-8"?>
<!-- Generated by org.testng.reporters.JUnitReportReporter -->
<testsuite hostname="LAPTOP-JPV57VBD" failures="0" tests="1" name="testCases.Test_Pending_Leave_Request" time="6.976" errors="0" timestamp="2023-02-09T18:43:58 IST" skipped="0">
  <testcase classname="testCases.Test_Pending_Leave_Request" name="verifyPendingLeaveRequests" time="6.976"/>
  <system-out/>
</testsuite> <!-- testCases.Test_Pending_Leave_Request -->
